<?xml version="1.0" encoding="UTF-8"?>
<testng-results ignored="0" total="1" passed="1" failed="0" skipped="0">
  <reporter-output>
  </reporter-output>
  <suite started-at="2019-12-06T17:02:02 CET" name="Default suite" finished-at="2019-12-06T17:02:08 CET" duration-ms="5629">
    <groups>
    </groups>
    <test started-at="2019-12-06T17:02:02 CET" name="Default test" finished-at="2019-12-06T17:02:08 CET" duration-ms="5629">
      <class name="com.xe.tests.XeCurrencyConverterTests">
        <test-method is-config="true" signature="setup()[pri:0, instance:com.xe.tests.XeCurrencyConverterTests@291ae]" started-at="2019-12-06T17:02:02 CET" name="setup" finished-at="2019-12-06T17:02:07 CET" duration-ms="5315" status="PASS">
          <reporter-output>
          </reporter-output>
        </test-method> <!-- setup -->
        <test-method signature="setMoneyToBeConverted()[pri:0, instance:com.xe.tests.XeCurrencyConverterTests@291ae]" started-at="2019-12-06T17:02:08 CET" name="setMoneyToBeConverted" finished-at="2019-12-06T17:02:08 CET" duration-ms="280" status="PASS">
          <reporter-output>
          </reporter-output>
        </test-method> <!-- setMoneyToBeConverted -->
      </class> <!-- com.xe.tests.XeCurrencyConverterTests -->
    </test> <!-- Default test -->
  </suite> <!-- Default suite -->
</testng-results>
